
  ************************** CRUNCH ******************************
  ************************ VERSION 1.0 ***************************

                      Author:  C.I. STEEFEL 
  COPYRIGHT (c) 2000. The Regents of the University of California. 
                       All Rights Reserved 

  ****************************************************************
  This work was produced at the University of California, Lawrence 
  Livermore National Laboratory (UC LLNL) under contract no. W-7405-ENG-48 
  (Contract 48) between the U.S. Department of Energy (DOE) and The Regents 
  of the University of California (University) for the operation of UC LLNL. 
  Copyright is reserved to the University for purposes of controlled dissem- 
  ination, commercialization through formal licensing, or other disposition 
  under terms of Contract 48; DOE policies, regulations and orders; and U.S. 
  statutes. The rights of the Federal Government are reserved under Contract 
  48 subject to the restrictions agreed upon by the DOE and University as 
  allowed under DOE Acquisition Letter 97-1. 

                                DISCLAIMER                            
  This work was prepared as an account of work sponsored by an agency of the
  United States Government. Neither the United States Government nor the 
  University of California nor any of their employees, makes any warranty, 
  express or implied, or assumes any liability or responsibility for the 
  accuracy, completeness, or usefulness of any information, apparatus, product,
  or process disclosed, or represents that its use would not infringe 
  privately-owned rights.  Reference herein to any specific commercial products,
  process, or service by trade name, trademark, manufacturer or otherwise does 
  not necessarily constitute or imply its endorsement, recommendation, or 
  favoring by the United States Government or the University of California. 
  The views and opinions of authors expressed herein do not necessarily state 
  or reflect those of the United States Government or the University of 
  California, and shall not be used for advertising or product endorsement 
  purposes. 
  ****************************************************************


  Calcite dissoltion simulation with CrunchFlow                           



   ---> Using database: ./data/calcite.dbs                                                                                  


 Number of components =                     5

  1 H+                
  2 HCO3-             
  3 Ca++              
  4 Tracer1           
  5 Tracer2           

 Number of secondary species in input file =            6

  1 OH-               
  2 CO3--             
  3 CO2(aq)           
  4 CaOH+             
  5 CaHCO3+           
  6 CaCO3(aq)         

 Number of gases in input file =                1

  1 CO2(g)            


 Number of kinetic minerals =            1


  Using database file: ./data/calcite.dbs

  temperature interpolation coefficients
                  ln(T+Tk)        1         T+Tk      (T+Tk)**-1   (t+tk)**-2

    HOMOGENEOUS REACTIONS

 Species         log K         Stoichiometric Coefficients
                            H+     HCO3-  Ca++   Tracer Tracer 
 OH-           1.3995E+01  -1.00   0.00   0.00   0.00   0.00
 CO3--         1.0329E+01  -1.00   1.00   0.00   0.00   0.00
 CO2(aq)      -6.3447E+00   1.00   1.00   0.00   0.00   0.00
 CaOH+         1.2850E+01  -1.00   0.00   1.00   0.00   0.00
 CaHCO3+      -1.0467E+00   0.00   1.00   1.00   0.00   0.00
 CaCO3(aq)     7.0017E+00  -1.00   1.00   1.00   0.00   0.00

      MINERAL REACTIONS

 Mineral         log K         Stoichiometric Coefficients
                            H+     HCO3-  Ca++   Tracer Tracer 
 Calcite       1.8487E+00  -1.00   1.00   1.00   0.00   0.00
 Calcite       1.8487E+00  -1.00   1.00   1.00   0.00   0.00
 Calcite       1.8487E+00  -1.00   1.00   1.00   0.00   0.00

     GAS REACTIONS

 Gases           log K         Stoichiometric Coefficients
                            H+     HCO3-  Ca++   Tracer Tracer 
 CO2(g)       -7.8136E+00   1.00   1.00   0.00   0.00   0.00

  ***KINETIC INPUTS***

   MINERAL


  ******  GEOCHEMICAL CONDITIONS INPUT  ******

 Number of geochemical conditions specified =            3

  Condition Label: initial


  Primary species    itype     guess      Total conc.  Constraint phase
  H+                   2    1.0000E-07    6.9483-310                       
  HCO3-                3    1.0000E-06    6.9483-310     Calcite           
  Ca++                 1    1.0000E-06    1.0000E-03                       
  Tracer1              1    1.0000E-06    1.0000E-03                       
  Tracer2              1    1.0000E-06    1.0000E-10                       

  Porosity for this chemical condition =   0.5000



  Condition Label: surfini


  Primary species    itype     guess      Total conc.  Constraint phase
  H+                   2    1.0000E-07    6.0135-154                       
  HCO3-                3    1.0000E-06    6.0135-154     Calcite           
  Ca++                 1    1.0000E-06    1.0000E-03                       
  Tracer1              1    1.0000E-06    1.0000E-03                       
  Tracer2              1    1.0000E-06    1.0000E-10                       

  Porosity for this chemical condition =   0.5000



  Condition Label: rain


  Primary species    itype     guess      Total conc.  Constraint phase
  H+                   2    1.0000E-07    6.0135-154                       
  HCO3-                4    1.0000E-06    3.1500E-04     CO2(g)            
  Ca++                 1    1.0000E-06    1.0000E-10                       
  Tracer1              1    1.0000E-06    1.0000E-10                       
  Tracer2              1    1.0000E-06    1.0000E-03                       

  Porosity for this chemical condition =   0.5000



  ************************** CRUNCH ******************************
  ************************ VERSION 1.0 ***************************

                      Author:  C.I. STEEFEL 
  COPYRIGHT (c) 2000. The Regents of the University of California. 
                       All Rights Reserved 

  ****************************************************************
  This work was produced at the University of California, Lawrence 
  Livermore National Laboratory (UC LLNL) under contract no. W-7405-ENG-48 
  (Contract 48) between the U.S. Department of Energy (DOE) and The Regents 
  of the University of California (University) for the operation of UC LLNL. 
  Copyright is reserved to the University for purposes of controlled dissem- 
  ination, commercialization through formal licensing, or other disposition 
  under terms of Contract 48; DOE policies, regulations and orders; and U.S. 
  statutes. The rights of the Federal Government are reserved under Contract 
  48 subject to the restrictions agreed upon by the DOE and University as 
  allowed under DOE Acquisition Letter 97-1. 

                                DISCLAIMER                            
  This work was prepared as an account of work sponsored by an agency of the
  United States Government. Neither the United States Government nor the 
  University of California nor any of their employees, makes any warranty, 
  express or implied, or assumes any liability or responsibility for the 
  accuracy, completeness, or usefulness of any information, apparatus, product,
  or process disclosed, or represents that its use would not infringe 
  privately-owned rights.  Reference herein to any specific commercial products,
  process, or service by trade name, trademark, manufacturer or otherwise does 
  not necessarily constitute or imply its endorsement, recommendation, or 
  favoring by the United States Government or the University of California. 
  The views and opinions of authors expressed herein do not necessarily state 
  or reflect those of the United States Government or the University of 
  California, and shall not be used for advertising or product endorsement 
  purposes. 
  ****************************************************************


  Calcite dissoltion simulation with CrunchFlow                           



   ---> Using database: ./data/calcite.dbs                                                                                  


 Number of components =                     5

  1 H+                
  2 HCO3-             
  3 Ca++              
  4 Tracer1           
  5 Tracer2           

 Number of secondary species in input file =            6

  1 OH-               
  2 CO3--             
  3 CO2(aq)           
  4 CaOH+             
  5 CaHCO3+           
  6 CaCO3(aq)         

 Number of gases in input file =                1

  1 CO2(g)            


 Number of kinetic minerals =            1


  Using database file: ./data/calcite.dbs

  temperature interpolation coefficients
                  ln(T+Tk)        1         T+Tk      (T+Tk)**-1   (t+tk)**-2

    HOMOGENEOUS REACTIONS

 Species         log K         Stoichiometric Coefficients
                            H+     HCO3-  Ca++   Tracer Tracer 
 OH-           1.3995E+01  -1.00   0.00   0.00   0.00   0.00
 CO3--         1.0329E+01  -1.00   1.00   0.00   0.00   0.00
 CO2(aq)      -6.3447E+00   1.00   1.00   0.00   0.00   0.00
 CaOH+         1.2850E+01  -1.00   0.00   1.00   0.00   0.00
 CaHCO3+      -1.0467E+00   0.00   1.00   1.00   0.00   0.00
 CaCO3(aq)     7.0017E+00  -1.00   1.00   1.00   0.00   0.00

      MINERAL REACTIONS

 Mineral         log K         Stoichiometric Coefficients
                            H+     HCO3-  Ca++   Tracer Tracer 
 Calcite       1.8487E+00  -1.00   1.00   1.00   0.00   0.00
 Calcite       1.8487E+00  -1.00   1.00   1.00   0.00   0.00
 Calcite       1.8487E+00  -1.00   1.00   1.00   0.00   0.00

     GAS REACTIONS

 Gases           log K         Stoichiometric Coefficients
                            H+     HCO3-  Ca++   Tracer Tracer 
 CO2(g)       -7.8136E+00   1.00   1.00   0.00   0.00   0.00

  ***KINETIC INPUTS***

   MINERAL


  ******  GEOCHEMICAL CONDITIONS INPUT  ******

 Number of geochemical conditions specified =            3

  Condition Label: initial


  Primary species    itype     guess      Total conc.  Constraint phase
  H+                   2    1.0000E-07    0.0000E+00                       
  HCO3-                3    1.0000E-06    0.0000E+00     Calcite           
  Ca++                 1    1.0000E-06    1.0000E-03                       
  Tracer1              1    1.0000E-06    1.0000E-03                       
  Tracer2              1    1.0000E-06    1.0000E-10                       

  Porosity for this chemical condition =   0.5000



  Condition Label: surfini


  Primary species    itype     guess      Total conc.  Constraint phase
  H+                   2    1.0000E-07    0.0000E+00                       
  HCO3-                3    1.0000E-06    0.0000E+00     Calcite           
  Ca++                 1    1.0000E-06    1.0000E-03                       
  Tracer1              1    1.0000E-06    1.0000E-03                       
  Tracer2              1    1.0000E-06    1.0000E-10                       

  Porosity for this chemical condition =   0.5000



  Condition Label: rain


  Primary species    itype     guess      Total conc.  Constraint phase
  H+                   2    1.0000E-07    0.0000E+00                       
  HCO3-                4    1.0000E-06    3.1500E-04     CO2(g)            
  Ca++                 1    1.0000E-06    1.0000E-10                       
  Tracer1              1    1.0000E-06    1.0000E-10                       
  Tracer2              1    1.0000E-06    1.0000E-03                       

  Porosity for this chemical condition =   0.5000



 *********************************************
  ---> GEOCHEMICAL CONDITION: surfini

  Temperature (C)         =     25.000
  Porosity                =      0.500
  Liquid Saturation       =      1.000
  Liquid Density (kg/m^3) =    997.075
  Solid Density (kg/m^3)  =   2700.000
  Solid:Solution Ratio    =   2707.920
  Ionic Strength          =      0.003
  Solution pH             =      7.693
  Total Charge            =  1.301E-18

 Total Aqueous Concentrations of Primary Species  
 --------------------------------------- 

 Species                Molality     Constraint    Constraint Phase 
 H+                   6.9652E-05     Charge                          
 HCO3-                2.0697E-03     Mineral       Calcite           
 Ca++                 1.0000E-03     Total                           
 Tracer1              1.0000E-03     Total                           
 Tracer2              1.0000E-10     Total                           

 Concentrations of Individual Species, Exchangers, and Surface Complexes 
 ----------------------------------------------------------------------- 

                           Log        Log                                 Activity
 Species              Molality   Activity      Molality      Activity   Coefficient    Type
  H+                    -7.670     -7.693     2.140E-08     2.026E-08     9.467E-01  Aqueous 
  HCO3-                 -2.708     -2.734     1.958E-03     1.845E-03     9.424E-01  Aqueous 
  Ca++                  -3.011     -3.111     9.761E-04     7.751E-04     7.941E-01  Aqueous 
  Tracer1               -3.000     -3.000     1.000E-03     1.001E-03     1.001E+00  Aqueous 
  Tracer2              -10.000    -10.000     1.000E-10     1.001E-10     1.001E+00  Aqueous 
  OH-                   -6.276     -6.302     5.300E-07     4.992E-07     9.419E-01  Aqueous 
  CO3--                 -5.267     -5.369     5.410E-06     4.271E-06     7.895E-01  Aqueous 
  CO2(aq)               -4.083     -4.083     8.260E-05     8.266E-05     1.001E+00  Aqueous 
  CaOH+                 -8.241     -8.267     5.735E-09     5.404E-09     9.424E-01  Aqueous 
  CaHCO3+               -4.772     -4.798     1.690E-05     1.592E-05     9.424E-01  Aqueous 
  CaCO3(aq)             -5.153     -5.153     7.026E-06     7.031E-06     1.001E+00  Aqueous 


  ****** Partial pressure of gases (bars) *****

 CO2(g)               2.43323804E-03

  ****** Saturation state of minerals (log[Q/K] *****

  Calcite                   0.0000

 *********************************************
  ---> GEOCHEMICAL CONDITION: initial

  Temperature (C)         =     25.000
  Porosity                =      0.500
  Liquid Saturation       =      1.000
  Liquid Density (kg/m^3) =    997.075
  Solid Density (kg/m^3)  =   2700.000
  Solid:Solution Ratio    =   2707.920
  Ionic Strength          =      0.003
  Solution pH             =      7.693
  Total Charge            =  1.301E-18

 Total Aqueous Concentrations of Primary Species  
 --------------------------------------- 

 Species                Molality     Constraint    Constraint Phase 
 H+                   6.9652E-05     Charge                          
 HCO3-                2.0697E-03     Mineral       Calcite           
 Ca++                 1.0000E-03     Total                           
 Tracer1              1.0000E-03     Total                           
 Tracer2              1.0000E-10     Total                           

 Concentrations of Individual Species, Exchangers, and Surface Complexes 
 ----------------------------------------------------------------------- 

                           Log        Log                                 Activity
 Species              Molality   Activity      Molality      Activity   Coefficient    Type
  H+                    -7.670     -7.693     2.140E-08     2.026E-08     9.467E-01  Aqueous 
  HCO3-                 -2.708     -2.734     1.958E-03     1.845E-03     9.424E-01  Aqueous 
  Ca++                  -3.011     -3.111     9.761E-04     7.751E-04     7.941E-01  Aqueous 
  Tracer1               -3.000     -3.000     1.000E-03     1.001E-03     1.001E+00  Aqueous 
  Tracer2              -10.000    -10.000     1.000E-10     1.001E-10     1.001E+00  Aqueous 
  OH-                   -6.276     -6.302     5.300E-07     4.992E-07     9.419E-01  Aqueous 
  CO3--                 -5.267     -5.369     5.410E-06     4.271E-06     7.895E-01  Aqueous 
  CO2(aq)               -4.083     -4.083     8.260E-05     8.266E-05     1.001E+00  Aqueous 
  CaOH+                 -8.241     -8.267     5.735E-09     5.404E-09     9.424E-01  Aqueous 
  CaHCO3+               -4.772     -4.798     1.690E-05     1.592E-05     9.424E-01  Aqueous 
  CaCO3(aq)             -5.153     -5.153     7.026E-06     7.031E-06     1.001E+00  Aqueous 


  ****** Partial pressure of gases (bars) *****

 CO2(g)               2.43323804E-03

  ****** Saturation state of minerals (log[Q/K] *****

  Calcite                   0.0000

 *********************************************
  ---> GEOCHEMICAL CONDITION: rain

  Temperature (C)         =     25.000
  Porosity                =      0.500
  Liquid Saturation       =      1.000
  Liquid Density (kg/m^3) =    997.075
  Solid Density (kg/m^3)  =      0.000
  Solid:Solution Ratio    =      0.000
  Ionic Strength          =      0.000
  Solution pH             =      5.657
  Total Charge            = -2.132E-21

 Total Aqueous Concentrations of Primary Species  
 --------------------------------------- 

 Species                Molality     Constraint    Constraint Phase 
 H+                   1.2902E-05     Charge                          
 HCO3-                1.2902E-05     Gas           CO2(g)            
 Ca++                 1.0000E-10     Total                           
 Tracer1              1.0000E-10     Total                           
 Tracer2              1.0000E-03     Total                           

 Concentrations of Individual Species, Exchangers, and Surface Complexes 
 ----------------------------------------------------------------------- 

                           Log        Log                                 Activity
 Species              Molality   Activity      Molality      Activity   Coefficient    Type
  H+                    -5.656     -5.657     2.206E-06     2.202E-06     9.983E-01  Aqueous 
  HCO3-                 -5.657     -5.658     2.201E-06     2.197E-06     9.983E-01  Aqueous 
  Ca++                 -10.000    -10.003     1.000E-10     9.930E-11     9.931E-01  Aqueous 
  Tracer1              -10.000    -10.000     1.000E-10     1.000E-10     1.000E+00  Aqueous 
  Tracer2               -3.000     -3.000     1.000E-03     1.000E-03     1.000E+00  Aqueous 
  OH-                   -8.337     -8.338     4.601E-09     4.593E-09     9.983E-01  Aqueous 
  CO3--                -10.327    -10.330     4.713E-11     4.681E-11     9.931E-01  Aqueous 
  CO2(aq)               -4.971     -4.971     1.070E-05     1.070E-05     1.000E+00  Aqueous 
  CaOH+                -17.195    -17.196     6.381E-18     6.370E-18     9.983E-01  Aqueous 
  CaHCO3+              -14.614    -14.614     2.434E-15     2.430E-15     9.983E-01  Aqueous 
  CaCO3(aq)            -17.006    -17.006     9.871E-18     9.871E-18     1.000E+00  Aqueous 


  ****** Partial pressure of gases (bars) *****

 CO2(g)               3.15000000E-04

  ****** Saturation state of minerals (log[Q/K] *****

  Calcite                 -11.8526
